<?xml version="1.0" encoding="UTF-8"?>
<!-- Generated by org.testng.reporters.JUnitReportReporter -->
<testsuite skipped="0" hostname="janardhanareddys-MacBook-Pro.local" name="com.xero.DriverTest" tests="1" failures="0" timestamp="21 Dec 2017 03:21:52 GMT" time="8.024" errors="0">
  <testcase name="driver" time="8.024" classname="com.xero.DriverTest"/>
</testsuite> <!-- com.xero.DriverTest -->
